INFO:     Will watch for changes in these directories: ['/Users/ravi/Downloads/payement-reminder-backend']
INFO:     Uvicorn running on http://127.0.0.1:8000 (Press CTRL+C to quit)
INFO:     Started reloader process [19075] using WatchFiles
Process SpawnProcess-1:
Traceback (most recent call last):
  File "/Library/Frameworks/Python.framework/Versions/3.13/lib/python3.13/multiprocessing/process.py", line 313, in _bootstrap
    self.run()
    ~~~~~~~~^^
  File "/Library/Frameworks/Python.framework/Versions/3.13/lib/python3.13/multiprocessing/process.py", line 108, in run
    self._target(*self._args, **self._kwargs)
    ~~~~~~~~~~~~^^^^^^^^^^^^^^^^^^^^^^^^^^^^^
  File "/Users/ravi/Downloads/payement-reminder-backend/venv/lib/python3.13/site-packages/uvicorn/_subprocess.py", line 80, in subprocess_started
    target(sockets=sockets)
    ~~~~~~^^^^^^^^^^^^^^^^^
  File "/Users/ravi/Downloads/payement-reminder-backend/venv/lib/python3.13/site-packages/uvicorn/server.py", line 67, in run
    return asyncio_run(self.serve(sockets=sockets), loop_factory=self.config.get_loop_factory())
  File "/Library/Frameworks/Python.framework/Versions/3.13/lib/python3.13/asyncio/runners.py", line 195, in run
    return runner.run(main)
           ~~~~~~~~~~^^^^^^
  File "/Library/Frameworks/Python.framework/Versions/3.13/lib/python3.13/asyncio/runners.py", line 118, in run
    return self._loop.run_until_complete(task)
           ~~~~~~~~~~~~~~~~~~~~~~~~~~~~~^^^^^^
  File "uvloop/loop.pyx", line 1518, in uvloop.loop.Loop.run_until_complete
  File "/Users/ravi/Downloads/payement-reminder-backend/venv/lib/python3.13/site-packages/uvicorn/server.py", line 71, in serve
    await self._serve(sockets)
  File "/Users/ravi/Downloads/payement-reminder-backend/venv/lib/python3.13/site-packages/uvicorn/server.py", line 78, in _serve
    config.load()
    ~~~~~~~~~~~^^
  File "/Users/ravi/Downloads/payement-reminder-backend/venv/lib/python3.13/site-packages/uvicorn/config.py", line 439, in load
    self.loaded_app = import_from_string(self.app)
                      ~~~~~~~~~~~~~~~~~~^^^^^^^^^^
  File "/Users/ravi/Downloads/payement-reminder-backend/venv/lib/python3.13/site-packages/uvicorn/importer.py", line 19, in import_from_string
    module = importlib.import_module(module_str)
  File "/Library/Frameworks/Python.framework/Versions/3.13/lib/python3.13/importlib/__init__.py", line 88, in import_module
    return _bootstrap._gcd_import(name[level:], package, level)
           ~~~~~~~~~~~~~~~~~~~~~~^^^^^^^^^^^^^^^^^^^^^^^^^^^^^^
  File "<frozen importlib._bootstrap>", line 1387, in _gcd_import
  File "<frozen importlib._bootstrap>", line 1360, in _find_and_load
  File "<frozen importlib._bootstrap>", line 1331, in _find_and_load_unlocked
  File "<frozen importlib._bootstrap>", line 935, in _load_unlocked
  File "<frozen importlib._bootstrap_external>", line 1026, in exec_module
  File "<frozen importlib._bootstrap>", line 488, in _call_with_frames_removed
  File "/Users/ravi/Downloads/payement-reminder-backend/main.py", line 4, in <module>
    from routes import users, invoices, auth
  File "/Users/ravi/Downloads/payement-reminder-backend/routes/users.py", line 5, in <module>
    from schemas import UserRegister, UserLogin, UserResponse,UserUpdate, ForgotPasswordRequest, ResetPasswordRequest, ResetPasswordIDRequest, ChangePasswordRequest
ImportError: cannot import name 'ResetPasswordRequest' from 'schemas' (/Users/ravi/Downloads/payement-reminder-backend/schemas.py). Did you mean: 'ResetPasswordFlowRequest'?
--- DB DIAGNOSTIC ---
Host: aws-1-ap-southeast-1.pooler.supabase.com
Port: 5432
Scheme: postgresql
Query: 
---------------------
WARNING:  WatchFiles detected changes in 'routes/users.py'. Reloading...
Process SpawnProcess-2:
Traceback (most recent call last):
  File "/Library/Frameworks/Python.framework/Versions/3.13/lib/python3.13/multiprocessing/process.py", line 313, in _bootstrap
    self.run()
    ~~~~~~~~^^
  File "/Library/Frameworks/Python.framework/Versions/3.13/lib/python3.13/multiprocessing/process.py", line 108, in run
    self._target(*self._args, **self._kwargs)
    ~~~~~~~~~~~~^^^^^^^^^^^^^^^^^^^^^^^^^^^^^
  File "/Users/ravi/Downloads/payement-reminder-backend/venv/lib/python3.13/site-packages/uvicorn/_subprocess.py", line 80, in subprocess_started
    target(sockets=sockets)
    ~~~~~~^^^^^^^^^^^^^^^^^
  File "/Users/ravi/Downloads/payement-reminder-backend/venv/lib/python3.13/site-packages/uvicorn/server.py", line 67, in run
    return asyncio_run(self.serve(sockets=sockets), loop_factory=self.config.get_loop_factory())
  File "/Library/Frameworks/Python.framework/Versions/3.13/lib/python3.13/asyncio/runners.py", line 195, in run
    return runner.run(main)
           ~~~~~~~~~~^^^^^^
  File "/Library/Frameworks/Python.framework/Versions/3.13/lib/python3.13/asyncio/runners.py", line 118, in run
    return self._loop.run_until_complete(task)
           ~~~~~~~~~~~~~~~~~~~~~~~~~~~~~^^^^^^
  File "uvloop/loop.pyx", line 1518, in uvloop.loop.Loop.run_until_complete
  File "/Users/ravi/Downloads/payement-reminder-backend/venv/lib/python3.13/site-packages/uvicorn/server.py", line 71, in serve
    await self._serve(sockets)
  File "/Users/ravi/Downloads/payement-reminder-backend/venv/lib/python3.13/site-packages/uvicorn/server.py", line 78, in _serve
    config.load()
    ~~~~~~~~~~~^^
  File "/Users/ravi/Downloads/payement-reminder-backend/venv/lib/python3.13/site-packages/uvicorn/config.py", line 439, in load
    self.loaded_app = import_from_string(self.app)
                      ~~~~~~~~~~~~~~~~~~^^^^^^^^^^
  File "/Users/ravi/Downloads/payement-reminder-backend/venv/lib/python3.13/site-packages/uvicorn/importer.py", line 19, in import_from_string
    module = importlib.import_module(module_str)
  File "/Library/Frameworks/Python.framework/Versions/3.13/lib/python3.13/importlib/__init__.py", line 88, in import_module
    return _bootstrap._gcd_import(name[level:], package, level)
           ~~~~~~~~~~~~~~~~~~~~~~^^^^^^^^^^^^^^^^^^^^^^^^^^^^^^
  File "<frozen importlib._bootstrap>", line 1387, in _gcd_import
  File "<frozen importlib._bootstrap>", line 1360, in _find_and_load
  File "<frozen importlib._bootstrap>", line 1331, in _find_and_load_unlocked
  File "<frozen importlib._bootstrap>", line 935, in _load_unlocked
  File "<frozen importlib._bootstrap_external>", line 1026, in exec_module
  File "<frozen importlib._bootstrap>", line 488, in _call_with_frames_removed
  File "/Users/ravi/Downloads/payement-reminder-backend/main.py", line 6, in <module>
    from routes import admin, reminders
  File "/Users/ravi/Downloads/payement-reminder-backend/routes/admin.py", line 5, in <module>
    from schemas import UserResponse,InvoiceResponse, UserUpdate, ForgotPasswordRequest, ResetPasswordRequest, ResetPasswordIDRequest
ImportError: cannot import name 'ResetPasswordRequest' from 'schemas' (/Users/ravi/Downloads/payement-reminder-backend/schemas.py). Did you mean: 'ResetPasswordFlowRequest'?
--- DB DIAGNOSTIC ---
Host: aws-1-ap-southeast-1.pooler.supabase.com
Port: 5432
Scheme: postgresql
Query: 
---------------------
WARNING:  WatchFiles detected changes in 'routes/admin.py'. Reloading...
INFO:     Started server process [19332]
INFO:     Waiting for application startup.
INFO:     Application startup complete.
--- DB DIAGNOSTIC ---
Host: aws-1-ap-southeast-1.pooler.supabase.com
Port: 5432
Scheme: postgresql
Query: 
---------------------
Initializing database tables...
Database tables initialized successfully.
INFO:     127.0.0.1:57242 - "GET /docs HTTP/1.1" 200 OK
INFO:     127.0.0.1:57242 - "GET /openapi.json HTTP/1.1" 200 OK
